<?xml version="1.0" encoding="UTF-8"?>
<!-- Generated by org.testng.reporters.JUnitReportReporter -->
<testsuite hostname="QSP" failures="0" tests="1" name="scripts.Testacse" time="10.233" errors="0" timestamp="2022-05-02T17:33:29 IST" skipped="0">
  <testcase classname="scripts.Testacse" name="tc1" time="10.233"/>
</testsuite> <!-- scripts.Testacse -->
